2026-03-12 16:55:16,464 INFO sqlalchemy.engine.Engine select pg_catalog.version()
2026-03-12 16:55:16,465 INFO sqlalchemy.engine.Engine [raw sql] ()
2026-03-12 16:55:16,474 INFO sqlalchemy.engine.Engine select current_schema()
2026-03-12 16:55:16,475 INFO sqlalchemy.engine.Engine [raw sql] ()
2026-03-12 16:55:16,484 INFO sqlalchemy.engine.Engine show standard_conforming_strings
2026-03-12 16:55:16,486 INFO sqlalchemy.engine.Engine [raw sql] ()
2026-03-12 16:55:16,491 INFO sqlalchemy.engine.Engine BEGIN (implicit)
2026-03-12 16:55:16,496 INFO sqlalchemy.engine.Engine SELECT pg_catalog.pg_class.relname 
FROM pg_catalog.pg_class JOIN pg_catalog.pg_namespace ON pg_catalog.pg_namespace.oid = pg_catalog.pg_class.relnamespace 
WHERE pg_catalog.pg_class.relname = $1::VARCHAR AND pg_catalog.pg_class.relkind = ANY (ARRAY[$2::VARCHAR, $3::VARCHAR, $4::VARCHAR, $5::VARCHAR, $6::VARCHAR]) AND pg_catalog.pg_table_is_visible(pg_catalog.pg_class.oid) AND pg_catalog.pg_namespace.nspname != $7::VARCHAR
2026-03-12 16:55:16,497 INFO sqlalchemy.engine.Engine [generated in 0.00084s] ('ai_reports', 'r', 'p', 'f', 'v', 'm', 'pg_catalog')
2026-03-12 16:55:16,517 INFO sqlalchemy.engine.Engine SELECT pg_catalog.pg_class.relname 
FROM pg_catalog.pg_class JOIN pg_catalog.pg_namespace ON pg_catalog.pg_namespace.oid = pg_catalog.pg_class.relnamespace 
WHERE pg_catalog.pg_class.relname = $1::VARCHAR AND pg_catalog.pg_class.relkind = ANY (ARRAY[$2::VARCHAR, $3::VARCHAR, $4::VARCHAR, $5::VARCHAR, $6::VARCHAR]) AND pg_catalog.pg_table_is_visible(pg_catalog.pg_class.oid) AND pg_catalog.pg_namespace.nspname != $7::VARCHAR
2026-03-12 16:55:16,517 INFO sqlalchemy.engine.Engine [cached since 0.02096s ago] ('assets', 'r', 'p', 'f', 'v', 'm', 'pg_catalog')
2026-03-12 16:55:16,520 INFO sqlalchemy.engine.Engine SELECT pg_catalog.pg_class.relname 
FROM pg_catalog.pg_class JOIN pg_catalog.pg_namespace ON pg_catalog.pg_namespace.oid = pg_catalog.pg_class.relnamespace 
WHERE pg_catalog.pg_class.relname = $1::VARCHAR AND pg_catalog.pg_class.relkind = ANY (ARRAY[$2::VARCHAR, $3::VARCHAR, $4::VARCHAR, $5::VARCHAR, $6::VARCHAR]) AND pg_catalog.pg_table_is_visible(pg_catalog.pg_class.oid) AND pg_catalog.pg_namespace.nspname != $7::VARCHAR
2026-03-12 16:55:16,521 INFO sqlalchemy.engine.Engine [cached since 0.02452s ago] ('users', 'r', 'p', 'f', 'v', 'm', 'pg_catalog')
2026-03-12 16:55:16,523 INFO sqlalchemy.engine.Engine COMMIT
